<?xml version="1.0" encoding="UTF-8"?>
<!-- Generated by org.testng.reporters.JUnitReportReporter -->
<testsuite skipped="0" hostname="DVCINH6110281" name="com.test.LoginTest" tests="1" failures="0" timestamp="2022-10-02T14:18:16 IST" time="5.693" errors="0">
  <testcase name="loginTest" time="5.693" classname="com.test.LoginTest"/>
  <system-out/>
</testsuite> <!-- com.test.LoginTest -->
